<?xml version="1.0" encoding="UTF-8"?>
<!-- Generated by org.testng.reporters.JUnitXMLReporter -->
<testsuite ignored="0" hostname="NghiaPC" failures="0" tests="3" name="Group 2" time="44.696" errors="0" timestamp="2023-11-11T11:05:33 ICT">
  <testcase classname="test.computer.BuyingStandardComputerTest" name="testStandardComputerBuying" time="17.707"/>
  <testcase classname="test.computer.BuyingStandardComputerTest" name="testStandardComputerBuying" time="13.366"/>
  <testcase classname="test.computer.BuyingStandardComputerTest" name="testStandardComputerBuying" time="13.445"/>
</testsuite> <!-- Group 2 -->
