<?xml version="1.0" encoding="UTF-8"?>
<!-- Generated by org.testng.reporters.JUnitXMLReporter -->
<testsuite ignored="0" hostname="NghiaPC" failures="0" tests="4" name="Group 4" time="7.066" errors="0" timestamp="2023-11-11T11:04:55 ICT">
  <testcase classname="test.footer.FooterTest" name="testFooterCategoryPage" time="5.993"/>
  <testcase classname="test.footer.FooterTest" name="testFooterHomePage" time="0.94"/>
  <testcase classname="test.footer.FooterTest" name="testFooterLoginPage" time="0.0"/>
  <testcase classname="test.footer.FooterTest" name="testFooterRegisterPage" time="0.001"/>
</testsuite> <!-- Group 4 -->
