<?xml version="1.0" encoding="UTF-8"?>
<!-- Generated by org.testng.reporters.JUnitXMLReporter -->
<testsuite ignored="0" hostname="DESKTOP-K4P8AR3" failures="0" tests="3" name="Group 1" time="60.474" errors="0" timestamp="2023-11-07T20:47:13 ICT">
  <testcase classname="test.computer.BuyingCheapComputerTest" name="testCheapComputerBuying" time="25.923"/>
  <testcase classname="test.computer.BuyingCheapComputerTest" name="testCheapComputerBuying" time="17.575"/>
  <testcase classname="test.computer.BuyingCheapComputerTest" name="testCheapComputerBuying" time="16.666"/>
</testsuite> <!-- Group 1 -->
