<?xml version="1.0" encoding="UTF-8"?>
<!-- Generated by org.testng.reporters.JUnitXMLReporter -->
<testsuite ignored="0" hostname="NghiaPC" failures="0" tests="3" name="Group 1" time="46.975" errors="0" timestamp="2023-11-11T11:05:35 ICT">
  <testcase classname="test.computer.BuyingCheapComputerTest" name="testCheapComputerBuying" time="16.601"/>
  <testcase classname="test.computer.BuyingCheapComputerTest" name="testCheapComputerBuying" time="16.13"/>
  <testcase classname="test.computer.BuyingCheapComputerTest" name="testCheapComputerBuying" time="14.054"/>
</testsuite> <!-- Group 1 -->
