<?xml version="1.0" encoding="UTF-8"?>
<!-- Generated by org.testng.reporters.JUnitXMLReporter -->
<testsuite ignored="0" hostname="DESKTOP-K4P8AR3" failures="0" tests="4" name="Group 4" time="12.978" errors="0" timestamp="2023-11-07T20:46:26 ICT">
  <testcase classname="test.footer.FooterTest" name="testFooterCategoryPage" time="11.15"/>
  <testcase classname="test.footer.FooterTest" name="testFooterHomePage" time="1.571"/>
  <testcase classname="test.footer.FooterTest" name="testFooterLoginPage" time="0.001"/>
  <testcase classname="test.footer.FooterTest" name="testFooterRegisterPage" time="0.002"/>
</testsuite> <!-- Group 4 -->
