<?xml version="1.0" encoding="UTF-8"?>
<testng-results ignored="0" total="10" passed="10" failed="0" skipped="0">
  <reporter-output>
  </reporter-output>
  <suite started-at="2023-11-11T10:11:02 ICT" name="Regression" finished-at="2023-11-11T10:11:57 ICT" duration-ms="55356">
    <groups>
    </groups>
    <test started-at="2023-11-11T10:11:02 ICT" name="Group 3" finished-at="2023-11-11T10:11:02 ICT" duration-ms="13">
    </test> <!-- Group 3 -->
    <test started-at="2023-11-11T10:11:02 ICT" name="Group 4" finished-at="2023-11-11T10:11:09 ICT" duration-ms="7458">
      <class name="test.footer.FooterTest">
        <test-method is-config="true" signature="initBrowserSession(java.lang.String)[pri:0, instance:test.footer.FooterTest@77eca502]" started-at="2023-11-11T10:11:02 ICT" name="initBrowserSession" description="Init browser session" finished-at="2023-11-11T10:11:02 ICT" duration-ms="20" status="PASS">
          <params>
            <param index="0">
              <value>
                <![CDATA[chrome]]>
              </value>
            </param>
          </params>
          <reporter-output>
          </reporter-output>
        </test-method> <!-- initBrowserSession -->
        <test-method signature="testFooterCategoryPage()[pri:0, instance:test.footer.FooterTest@77eca502]" started-at="2023-11-11T10:11:02 ICT" name="testFooterCategoryPage" finished-at="2023-11-11T10:11:08 ICT" duration-ms="6285" status="PASS">
          <reporter-output>
          </reporter-output>
        </test-method> <!-- testFooterCategoryPage -->
        <test-method is-config="true" signature="captureScreenshot(org.testng.ITestResult)[pri:0, instance:test.footer.FooterTest@77eca502]" started-at="2023-11-11T10:11:08 ICT" name="captureScreenshot" finished-at="2023-11-11T10:11:08 ICT" duration-ms="1" status="PASS">
          <params>
            <param index="0">
              <value>
                <![CDATA[[TestResult name=testFooterCategoryPage status=SUCCESS method=FooterTest.testFooterCategoryPage()[pri:0, instance:test.footer.FooterTest@77eca502] output={null}]]]>
              </value>
            </param>
          </params>
          <reporter-output>
          </reporter-output>
        </test-method> <!-- captureScreenshot -->
        <test-method signature="testFooterHomePage()[pri:0, instance:test.footer.FooterTest@77eca502]" started-at="2023-11-11T10:11:08 ICT" name="testFooterHomePage" finished-at="2023-11-11T10:11:09 ICT" duration-ms="1037" status="PASS">
          <reporter-output>
          </reporter-output>
        </test-method> <!-- testFooterHomePage -->
        <test-method is-config="true" signature="captureScreenshot(org.testng.ITestResult)[pri:0, instance:test.footer.FooterTest@77eca502]" started-at="2023-11-11T10:11:09 ICT" name="captureScreenshot" finished-at="2023-11-11T10:11:09 ICT" duration-ms="1" status="PASS">
          <params>
            <param index="0">
              <value>
                <![CDATA[[TestResult name=testFooterHomePage status=SUCCESS method=FooterTest.testFooterHomePage()[pri:0, instance:test.footer.FooterTest@77eca502] output={null}]]]>
              </value>
            </param>
          </params>
          <reporter-output>
          </reporter-output>
        </test-method> <!-- captureScreenshot -->
        <test-method signature="testFooterLoginPage()[pri:0, instance:test.footer.FooterTest@77eca502]" started-at="2023-11-11T10:11:09 ICT" name="testFooterLoginPage" finished-at="2023-11-11T10:11:09 ICT" duration-ms="0" status="PASS">
          <reporter-output>
          </reporter-output>
        </test-method> <!-- testFooterLoginPage -->
        <test-method is-config="true" signature="captureScreenshot(org.testng.ITestResult)[pri:0, instance:test.footer.FooterTest@77eca502]" started-at="2023-11-11T10:11:09 ICT" name="captureScreenshot" finished-at="2023-11-11T10:11:09 ICT" duration-ms="0" status="PASS">
          <params>
            <param index="0">
              <value>
                <![CDATA[[TestResult name=testFooterLoginPage status=SUCCESS method=FooterTest.testFooterLoginPage()[pri:0, instance:test.footer.FooterTest@77eca502] output={null}]]]>
              </value>
            </param>
          </params>
          <reporter-output>
          </reporter-output>
        </test-method> <!-- captureScreenshot -->
        <test-method signature="testFooterRegisterPage()[pri:0, instance:test.footer.FooterTest@77eca502]" started-at="2023-11-11T10:11:09 ICT" name="testFooterRegisterPage" finished-at="2023-11-11T10:11:09 ICT" duration-ms="0" status="PASS">
          <reporter-output>
          </reporter-output>
        </test-method> <!-- testFooterRegisterPage -->
        <test-method is-config="true" signature="captureScreenshot(org.testng.ITestResult)[pri:0, instance:test.footer.FooterTest@77eca502]" started-at="2023-11-11T10:11:09 ICT" name="captureScreenshot" finished-at="2023-11-11T10:11:09 ICT" duration-ms="0" status="PASS">
          <params>
            <param index="0">
              <value>
                <![CDATA[[TestResult name=testFooterRegisterPage status=SUCCESS method=FooterTest.testFooterRegisterPage()[pri:0, instance:test.footer.FooterTest@77eca502] output={null}]]]>
              </value>
            </param>
          </params>
          <reporter-output>
          </reporter-output>
        </test-method> <!-- captureScreenshot -->
        <test-method is-config="true" signature="closeBrowserSession()[pri:0, instance:test.footer.FooterTest@77eca502]" started-at="2023-11-11T10:11:09 ICT" name="closeBrowserSession" finished-at="2023-11-11T10:11:09 ICT" duration-ms="65" status="PASS">
          <reporter-output>
          </reporter-output>
        </test-method> <!-- closeBrowserSession -->
      </class> <!-- test.footer.FooterTest -->
    </test> <!-- Group 4 -->
    <test started-at="2023-11-11T10:11:02 ICT" name="Group 1" finished-at="2023-11-11T10:11:50 ICT" duration-ms="48759">
      <class name="test.computer.BuyingCheapComputerTest">
        <test-method is-config="true" signature="initBrowserSession(java.lang.String)[pri:0, instance:test.computer.BuyingCheapComputerTest@62e7f11d]" started-at="2023-11-11T10:11:02 ICT" name="initBrowserSession" description="Init browser session" finished-at="2023-11-11T10:11:02 ICT" duration-ms="20" status="PASS">
          <params>
            <param index="0">
              <value>
                <![CDATA[chrome]]>
              </value>
            </param>
          </params>
          <reporter-output>
          </reporter-output>
        </test-method> <!-- initBrowserSession -->
        <test-method signature="testCheapComputerBuying(test_data.computer.ComputerData)[pri:0, instance:test.computer.BuyingCheapComputerTest@62e7f11d]" started-at="2023-11-11T10:11:02 ICT" name="testCheapComputerBuying" data-provider="computerData" finished-at="2023-11-11T10:11:20 ICT" duration-ms="17859" status="PASS">
          <params>
            <param index="0">
              <value>
                <![CDATA[test_data.computer.ComputerData@2cc34ae4]]>
              </value>
            </param>
          </params>
          <reporter-output>
          </reporter-output>
        </test-method> <!-- testCheapComputerBuying -->
        <test-method is-config="true" signature="captureScreenshot(org.testng.ITestResult)[pri:0, instance:test.computer.BuyingCheapComputerTest@62e7f11d]" started-at="2023-11-11T10:11:20 ICT" name="captureScreenshot" finished-at="2023-11-11T10:11:20 ICT" duration-ms="0" status="PASS">
          <params>
            <param index="0">
              <value>
                <![CDATA[[TestResult name=testCheapComputerBuying status=SUCCESS method=BuyingCheapComputerTest.testCheapComputerBuying(test_data.computer.ComputerData)[pri:0, instance:test.computer.BuyingCheapComputerTest@62e7f11d] output={null}]]]>
              </value>
            </param>
          </params>
          <reporter-output>
          </reporter-output>
        </test-method> <!-- captureScreenshot -->
        <test-method signature="testCheapComputerBuying(test_data.computer.ComputerData)[pri:0, instance:test.computer.BuyingCheapComputerTest@62e7f11d]" started-at="2023-11-11T10:11:20 ICT" name="testCheapComputerBuying" data-provider="computerData" finished-at="2023-11-11T10:11:36 ICT" duration-ms="16570" status="PASS">
          <params>
            <param index="0">
              <value>
                <![CDATA[test_data.computer.ComputerData@95016d4]]>
              </value>
            </param>
          </params>
          <reporter-output>
          </reporter-output>
        </test-method> <!-- testCheapComputerBuying -->
        <test-method signature="testCheapComputerBuying(test_data.computer.ComputerData)[pri:0, instance:test.computer.BuyingCheapComputerTest@62e7f11d]" started-at="2023-11-11T10:11:36 ICT" name="testCheapComputerBuying" data-provider="computerData" finished-at="2023-11-11T10:11:50 ICT" duration-ms="14163" status="PASS">
          <params>
            <param index="0">
              <value>
                <![CDATA[test_data.computer.ComputerData@4cd9adfe]]>
              </value>
            </param>
          </params>
          <reporter-output>
          </reporter-output>
        </test-method> <!-- testCheapComputerBuying -->
        <test-method is-config="true" signature="captureScreenshot(org.testng.ITestResult)[pri:0, instance:test.computer.BuyingCheapComputerTest@62e7f11d]" started-at="2023-11-11T10:11:36 ICT" name="captureScreenshot" finished-at="2023-11-11T10:11:36 ICT" duration-ms="0" status="PASS">
          <params>
            <param index="0">
              <value>
                <![CDATA[[TestResult name=testCheapComputerBuying status=SUCCESS method=BuyingCheapComputerTest.testCheapComputerBuying(test_data.computer.ComputerData)[pri:0, instance:test.computer.BuyingCheapComputerTest@62e7f11d] output={null}]]]>
              </value>
            </param>
          </params>
          <reporter-output>
          </reporter-output>
        </test-method> <!-- captureScreenshot -->
        <test-method is-config="true" signature="captureScreenshot(org.testng.ITestResult)[pri:0, instance:test.computer.BuyingCheapComputerTest@62e7f11d]" started-at="2023-11-11T10:11:50 ICT" name="captureScreenshot" finished-at="2023-11-11T10:11:50 ICT" duration-ms="0" status="PASS">
          <params>
            <param index="0">
              <value>
                <![CDATA[[TestResult name=testCheapComputerBuying status=SUCCESS method=BuyingCheapComputerTest.testCheapComputerBuying(test_data.computer.ComputerData)[pri:0, instance:test.computer.BuyingCheapComputerTest@62e7f11d] output={null}]]]>
              </value>
            </param>
          </params>
          <reporter-output>
          </reporter-output>
        </test-method> <!-- captureScreenshot -->
        <test-method is-config="true" signature="closeBrowserSession()[pri:0, instance:test.computer.BuyingCheapComputerTest@62e7f11d]" started-at="2023-11-11T10:11:50 ICT" name="closeBrowserSession" finished-at="2023-11-11T10:11:50 ICT" duration-ms="75" status="PASS">
          <reporter-output>
          </reporter-output>
        </test-method> <!-- closeBrowserSession -->
      </class> <!-- test.computer.BuyingCheapComputerTest -->
    </test> <!-- Group 1 -->
    <test started-at="2023-11-11T10:11:02 ICT" name="Group 2" finished-at="2023-11-11T10:11:57 ICT" duration-ms="55356">
      <class name="test.computer.BuyingStandardComputerTest">
        <test-method is-config="true" signature="initBrowserSession(java.lang.String)[pri:0, instance:test.computer.BuyingStandardComputerTest@343570b7]" started-at="2023-11-11T10:11:02 ICT" name="initBrowserSession" description="Init browser session" finished-at="2023-11-11T10:11:02 ICT" duration-ms="20" status="PASS">
          <params>
            <param index="0">
              <value>
                <![CDATA[chrome]]>
              </value>
            </param>
          </params>
          <reporter-output>
          </reporter-output>
        </test-method> <!-- initBrowserSession -->
        <test-method signature="testStandardComputerBuying(test_data.computer.ComputerData)[pri:0, instance:test.computer.BuyingStandardComputerTest@343570b7]" started-at="2023-11-11T10:11:02 ICT" name="testStandardComputerBuying" data-provider="computerData" finished-at="2023-11-11T10:11:20 ICT" duration-ms="18581" status="PASS">
          <params>
            <param index="0">
              <value>
                <![CDATA[test_data.computer.ComputerData@429c0259]]>
              </value>
            </param>
          </params>
          <reporter-output>
          </reporter-output>
        </test-method> <!-- testStandardComputerBuying -->
        <test-method is-config="true" signature="captureScreenshot(org.testng.ITestResult)[pri:0, instance:test.computer.BuyingStandardComputerTest@343570b7]" started-at="2023-11-11T10:11:20 ICT" name="captureScreenshot" finished-at="2023-11-11T10:11:20 ICT" duration-ms="1" status="PASS">
          <params>
            <param index="0">
              <value>
                <![CDATA[[TestResult name=testStandardComputerBuying status=SUCCESS method=BuyingStandardComputerTest.testStandardComputerBuying(test_data.computer.ComputerData)[pri:0, instance:test.computer.BuyingStandardComputerTest@343570b7] output={null}]]]>
              </value>
            </param>
          </params>
          <reporter-output>
          </reporter-output>
        </test-method> <!-- captureScreenshot -->
        <test-method signature="testStandardComputerBuying(test_data.computer.ComputerData)[pri:0, instance:test.computer.BuyingStandardComputerTest@343570b7]" started-at="2023-11-11T10:11:20 ICT" name="testStandardComputerBuying" data-provider="computerData" finished-at="2023-11-11T10:11:41 ICT" duration-ms="20379" status="PASS">
          <params>
            <param index="0">
              <value>
                <![CDATA[test_data.computer.ComputerData@7e4ded40]]>
              </value>
            </param>
          </params>
          <reporter-output>
          </reporter-output>
        </test-method> <!-- testStandardComputerBuying -->
        <test-method signature="testStandardComputerBuying(test_data.computer.ComputerData)[pri:0, instance:test.computer.BuyingStandardComputerTest@343570b7]" started-at="2023-11-11T10:11:41 ICT" name="testStandardComputerBuying" data-provider="computerData" finished-at="2023-11-11T10:11:57 ICT" duration-ms="16210" status="PASS">
          <params>
            <param index="0">
              <value>
                <![CDATA[test_data.computer.ComputerData@5282a111]]>
              </value>
            </param>
          </params>
          <reporter-output>
          </reporter-output>
        </test-method> <!-- testStandardComputerBuying -->
        <test-method is-config="true" signature="captureScreenshot(org.testng.ITestResult)[pri:0, instance:test.computer.BuyingStandardComputerTest@343570b7]" started-at="2023-11-11T10:11:41 ICT" name="captureScreenshot" finished-at="2023-11-11T10:11:41 ICT" duration-ms="0" status="PASS">
          <params>
            <param index="0">
              <value>
                <![CDATA[[TestResult name=testStandardComputerBuying status=SUCCESS method=BuyingStandardComputerTest.testStandardComputerBuying(test_data.computer.ComputerData)[pri:0, instance:test.computer.BuyingStandardComputerTest@343570b7] output={null}]]]>
              </value>
            </param>
          </params>
          <reporter-output>
          </reporter-output>
        </test-method> <!-- captureScreenshot -->
        <test-method is-config="true" signature="captureScreenshot(org.testng.ITestResult)[pri:0, instance:test.computer.BuyingStandardComputerTest@343570b7]" started-at="2023-11-11T10:11:57 ICT" name="captureScreenshot" finished-at="2023-11-11T10:11:57 ICT" duration-ms="1" status="PASS">
          <params>
            <param index="0">
              <value>
                <![CDATA[[TestResult name=testStandardComputerBuying status=SUCCESS method=BuyingStandardComputerTest.testStandardComputerBuying(test_data.computer.ComputerData)[pri:0, instance:test.computer.BuyingStandardComputerTest@343570b7] output={null}]]]>
              </value>
            </param>
          </params>
          <reporter-output>
          </reporter-output>
        </test-method> <!-- captureScreenshot -->
        <test-method is-config="true" signature="closeBrowserSession()[pri:0, instance:test.computer.BuyingStandardComputerTest@343570b7]" started-at="2023-11-11T10:11:57 ICT" name="closeBrowserSession" finished-at="2023-11-11T10:11:57 ICT" duration-ms="93" status="PASS">
          <reporter-output>
          </reporter-output>
        </test-method> <!-- closeBrowserSession -->
      </class> <!-- test.computer.BuyingStandardComputerTest -->
    </test> <!-- Group 2 -->
  </suite> <!-- Regression -->
</testng-results>
